[0819/022812.621:ERROR:process_memory_win.cc(73)] ReadMemory at 0x7ff68af70000 of 64 bytes failed: Only part of a ReadProcessMemory or WriteProcessMemory request was completed. (0x12B)
[0819/022812.835:WARNING:pe_image_reader.cc(340)] could not read dos header from C:\Program Files (x86)\Google\Chrome\Application\chrome.exe
[0819/022812.835:ERROR:process_memory_win.cc(73)] ReadMemory at 0x7ffe5ead0000 of 64 bytes failed: Only part of a ReadProcessMemory or WriteProcessMemory request was completed. (0x12B)
[0819/022812.835:WARNING:pe_image_reader.cc(340)] could not read dos header from C:\WINDOWS\SYSTEM32\ntdll.dll
[0819/022812.835:ERROR:process_memory_win.cc(73)] ReadMemory at 0x7ffe5cd50000 of 64 bytes failed: Only part of a ReadProcessMemory or WriteProcessMemory request was completed. (0x12B)
[0819/022812.907:WARNING:pe_image_reader.cc(340)] could not read dos header from C:\WINDOWS\System32\KERNEL32.DLL
[0819/022812.908:ERROR:process_memory_win.cc(73)] ReadMemory at 0x7ffe5b6a0000 of 64 bytes failed: Only part of a ReadProcessMemory or WriteProcessMemory request was completed. (0x12B)
[0819/022812.908:WARNING:pe_image_reader.cc(340)] could not read dos header from C:\WINDOWS\System32\KERNELBASE.dll
[0819/022812.908:ERROR:process_memory_win.cc(73)] ReadMemory at 0x7ffe10fe0000 of 64 bytes failed: Only part of a ReadProcessMemory or WriteProcessMemory request was completed. (0x12B)
[0819/022812.908:WARNING:pe_image_reader.cc(340)] could not read dos header from C:\Program Files (x86)\Google\Chrome\Application\76.0.3809.100\chrome_elf.dll
[0819/022812.908:ERROR:process_memory_win.cc(73)] ReadMemory at 0x7ffe50f00000 of 64 bytes failed: Only part of a ReadProcessMemory or WriteProcessMemory request was completed. (0x12B)
[0819/022812.908:WARNING:pe_image_reader.cc(340)] could not read dos header from C:\WINDOWS\SYSTEM32\VERSION.dll
[0819/022812.908:ERROR:process_memory_win.cc(73)] ReadMemory at 0x7ffe5c7d0000 of 64 bytes failed: Only part of a ReadProcessMemory or WriteProcessMemory request was completed. (0x12B)
[0819/022812.908:WARNING:pe_image_reader.cc(340)] could not read dos header from C:\WINDOWS\System32\msvcrt.dll
[0819/022812.909:ERROR:process_memory_win.cc(73)] ReadMemory at 0x7ffe5b940000 of 64 bytes failed: Only part of a ReadProcessMemory or WriteProcessMemory request was completed. (0x12B)
[0819/022812.909:WARNING:pe_image_reader.cc(340)] could not read dos header from C:\WINDOWS\System32\bcryptPrimitives.dll
[0819/022812.909:ERROR:process_memory_win.cc(73)] ReadMemory at 0x7ffe5d130000 of 64 bytes failed: Only part of a ReadProcessMemory or WriteProcessMemory request was completed. (0x12B)
[0819/022812.909:WARNING:pe_image_reader.cc(340)] could not read dos header from C:\WINDOWS\System32\ADVAPI32.dll
[0819/022812.909:ERROR:process_memory_win.cc(73)] ReadMemory at 0x7ffe5bf50000 of 64 bytes failed: Only part of a ReadProcessMemory or WriteProcessMemory request was completed. (0x12B)
[0819/022812.909:WARNING:pe_image_reader.cc(340)] could not read dos header from C:\WINDOWS\System32\sechost.dll
[0819/022812.909:ERROR:process_memory_win.cc(73)] ReadMemory at 0x7ffe5e860000 of 64 bytes failed: Only part of a ReadProcessMemory or WriteProcessMemory request was completed. (0x12B)
[0819/022812.909:WARNING:pe_image_reader.cc(340)] could not read dos header from C:\WINDOWS\System32\RPCRT4.dll
[0819/022812.909:ERROR:process_memory_win.cc(73)] ReadMemory at 0x7ffdea600000 of 64 bytes failed: Only part of a ReadProcessMemory or WriteProcessMemory request was completed. (0x12B)
[0819/022812.909:WARNING:pe_image_reader.cc(340)] could not read dos header from C:\Program Files (x86)\Google\Chrome\Application\76.0.3809.100\chrome_child.dll
[0819/022812.909:ERROR:process_memory_win.cc(73)] ReadMemory at 0x7ffe5be80000 of 64 bytes failed: Only part of a ReadProcessMemory or WriteProcessMemory request was completed. (0x12B)
[0819/022812.910:WARNING:pe_image_reader.cc(340)] could not read dos header from C:\WINDOWS\System32\OLEAUT32.dll
[0819/022812.910:ERROR:process_memory_win.cc(73)] ReadMemory at 0x7ffe5b600000 of 64 bytes failed: Only part of a ReadProcessMemory or WriteProcessMemory request was completed. (0x12B)
[0819/022812.910:WARNING:pe_image_reader.cc(340)] could not read dos header from C:\WINDOWS\System32\msvcp_win.dll
[0819/022812.910:ERROR:process_memory_win.cc(73)] ReadMemory at 0x7ffe5b500000 of 64 bytes failed: Only part of a ReadProcessMemory or WriteProcessMemory request was completed. (0x12B)
[0819/022812.910:WARNING:pe_image_reader.cc(340)] could not read dos header from C:\WINDOWS\System32\ucrtbase.dll
[0819/022812.910:ERROR:process_memory_win.cc(73)] ReadMemory at 0x7ffe5c870000 of 64 bytes failed: Only part of a ReadProcessMemory or WriteProcessMemory request was completed. (0x12B)
[0819/022812.910:WARNING:pe_image_reader.cc(340)] could not read dos header from C:\WINDOWS\System32\combase.dll
[0819/022812.911:ERROR:process_memory_win.cc(73)] ReadMemory at 0x7ffe5d030000 of 64 bytes failed: Only part of a ReadProcessMemory or WriteProcessMemory request was completed. (0x12B)
[0819/022812.911:WARNING:pe_image_reader.cc(340)] could not read dos header from C:\WINDOWS\System32\WS2_32.dll
[0819/022812.911:ERROR:process_memory_win.cc(73)] ReadMemory at 0x7ffe5e820000 of 64 bytes failed: Only part of a ReadProcessMemory or WriteProcessMemory request was completed. (0x12B)
[0819/022812.911:WARNING:pe_image_reader.cc(340)] could not read dos header from C:\WINDOWS\System32\GDI32.dll
[0819/022812.911:ERROR:process_memory_win.cc(73)] ReadMemory at 0x7ffe5b9c0000 of 64 bytes failed: Only part of a ReadProcessMemory or WriteProcessMemory request was completed. (0x12B)
[0819/022812.911:WARNING:pe_image_reader.cc(340)] could not read dos header from C:\WINDOWS\System32\gdi32full.dll
[0819/022812.912:ERROR:process_memory_win.cc(73)] ReadMemory at 0x7ffe5cba0000 of 64 bytes failed: Only part of a ReadProcessMemory or WriteProcessMemory request was completed. (0x12B)
[0819/022812.912:WARNING:pe_image_reader.cc(340)] could not read dos header from C:\WINDOWS\System32\USER32.dll
[0819/022812.912:ERROR:process_memory_win.cc(73)] ReadMemory at 0x7ffe5bc40000 of 64 bytes failed: Only part of a ReadProcessMemory or WriteProcessMemory request was completed. (0x12B)
[0819/022812.913:WARNING:pe_image_reader.cc(340)] could not read dos header from C:\WINDOWS\System32\win32u.dll
[0819/022812.913:ERROR:process_memory_win.cc(73)] ReadMemory at 0x7ffe5ab70000 of 64 bytes failed: Only part of a ReadProcessMemory or WriteProcessMemory request was completed. (0x12B)
[0819/022812.913:WARNING:pe_image_reader.cc(340)] could not read dos header from C:\WINDOWS\System32\WINTRUST.dll
[0819/022812.914:ERROR:process_memory_win.cc(73)] ReadMemory at 0x7ffe5aaa0000 of 64 bytes failed: Only part of a ReadProcessMemory or WriteProcessMemory request was completed. (0x12B)
[0819/022812.914:WARNING:pe_image_reader.cc(340)] could not read dos header from C:\WINDOWS\System32\MSASN1.dll
[0819/022812.914:ERROR:process_memory_win.cc(73)] ReadMemory at 0x7ffe5abd0000 of 64 bytes failed: Only part of a ReadProcessMemory or WriteProcessMemory request was completed. (0x12B)
[0819/022812.914:WARNING:pe_image_reader.cc(340)] could not read dos header from C:\WINDOWS\System32\CRYPT32.dll
[0819/022812.915:ERROR:process_memory_win.cc(73)] ReadMemory at 0x7ffe59fd0000 of 64 bytes failed: Only part of a ReadProcessMemory or WriteProcessMemory request was completed. (0x12B)
[0819/022812.915:WARNING:pe_image_reader.cc(340)] could not read dos header from C:\WINDOWS\SYSTEM32\IPHLPAPI.DLL
[0819/022812.915:ERROR:process_memory_win.cc(73)] ReadMemory at 0x7ffe51b40000 of 64 bytes failed: Only part of a ReadProcessMemory or WriteProcessMemory request was completed. (0x12B)
[0819/022812.915:WARNING:pe_image_reader.cc(340)] could not read dos header from C:\WINDOWS\SYSTEM32\WINMM.dll
[0819/022812.916:ERROR:process_memory_win.cc(73)] ReadMemory at 0x7ffe5a9d0000 of 64 bytes failed: Only part of a ReadProcessMemory or WriteProcessMemory request was completed. (0x12B)
[0819/022812.916:WARNING:pe_image_reader.cc(340)] could not read dos header from C:\WINDOWS\SYSTEM32\USERENV.dll
[0819/022812.916:ERROR:process_memory_win.cc(73)] ReadMemory at 0x7ffe5aae0000 of 64 bytes failed: Only part of a ReadProcessMemory or WriteProcessMemory request was completed. (0x12B)
[0819/022812.916:WARNING:pe_image_reader.cc(340)] could not read dos header from C:\WINDOWS\System32\profapi.dll
[0819/022812.916:ERROR:process_memory_win.cc(73)] ReadMemory at 0x7ffe296e0000 of 64 bytes failed: Only part of a ReadProcessMemory or WriteProcessMemory request was completed. (0x12B)
[0819/022812.917:WARNING:pe_image_reader.cc(340)] could not read dos header from C:\WINDOWS\SYSTEM32\DWrite.dll
[0819/022812.917:ERROR:process_memory_win.cc(73)] ReadMemory at 0x7ffe50910000 of 64 bytes failed: Only part of a ReadProcessMemory or WriteProcessMemory request was completed. (0x12B)
[0819/022812.917:WARNING:pe_image_reader.cc(340)] could not read dos header from C:\WINDOWS\SYSTEM32\WINSPOOL.DRV
[0819/022812.917:ERROR:process_memory_win.cc(73)] ReadMemory at 0x7ffe5aac0000 of 64 bytes failed: Only part of a ReadProcessMemory or WriteProcessMemory request was completed. (0x12B)
[0819/022812.917:WARNING:pe_image_reader.cc(340)] could not read dos header from C:\WINDOWS\System32\kernel.appcore.dll
[0819/022812.917:ERROR:process_memory_win.cc(73)] ReadMemory at 0x7ffe5bc10000 of 64 bytes failed: Only part of a ReadProcessMemory or WriteProcessMemory request was completed. (0x12B)
[0819/022812.917:WARNING:pe_image_reader.cc(340)] could not read dos header from C:\WINDOWS\System32\bcrypt.dll
[0819/022812.918:ERROR:process_memory_win.cc(73)] ReadMemory at 0x7ffe56f10000 of 64 bytes failed: Only part of a ReadProcessMemory or WriteProcessMemory request was completed. (0x12B)
[0819/022812.918:WARNING:pe_image_reader.cc(340)] could not read dos header from C:\WINDOWS\SYSTEM32\dbghelp.dll
[0819/022812.918:ERROR:process_memory_win.cc(73)] ReadMemory at 0x7ffe53350000 of 64 bytes failed: Only part of a ReadProcessMemory or WriteProcessMemory request was completed. (0x12B)
[0819/022812.918:WARNING:pe_image_reader.cc(340)] could not read dos header from C:\WINDOWS\SYSTEM32\WINHTTP.dll
[0819/022812.918:ERROR:process_memory_win.cc(73)] ReadMemory at 0x7ffe4ea10000 of 64 bytes failed: Only part of a ReadProcessMemory or WriteProcessMemory request was completed. (0x12B)
[0819/022812.918:WARNING:pe_image_reader.cc(340)] could not read dos header from C:\WINDOWS\SYSTEM32\Secur32.dll
[0819/022812.918:ERROR:process_memory_win.cc(73)] ReadMemory at 0x7ffe52e30000 of 64 bytes failed: Only part of a ReadProcessMemory or WriteProcessMemory request was completed. (0x12B)
[0819/022812.919:WARNING:pe_image_reader.cc(340)] could not read dos header from C:\WINDOWS\SYSTEM32\dhcpcsvc.DLL
[0819/022812.919:ERROR:process_memory_win.cc(73)] ReadMemory at 0x7ffe5c7c0000 of 64 bytes failed: Only part of a ReadProcessMemory or WriteProcessMemory request was completed. (0x12B)
[0819/022812.919:WARNING:pe_image_reader.cc(340)] could not read dos header from C:\WINDOWS\System32\NSI.dll
[0819/022812.919:ERROR:process_memory_win.cc(73)] ReadMemory at 0x7ffe51b10000 of 64 bytes failed: Only part of a ReadProcessMemory or WriteProcessMemory request was completed. (0x12B)
[0819/022812.919:WARNING:pe_image_reader.cc(340)] could not read dos header from C:\WINDOWS\SYSTEM32\WINMMBASE.dll
[0819/022812.919:ERROR:process_memory_win.cc(73)] ReadMemory at 0x7ffe5bc60000 of 64 bytes failed: Only part of a ReadProcessMemory or WriteProcessMemory request was completed. (0x12B)
[0819/022812.919:WARNING:pe_image_reader.cc(340)] could not read dos header from C:\WINDOWS\System32\cfgmgr32.dll
[0819/022812.920:ERROR:process_memory_win.cc(73)] ReadMemory at 0x7ffe57100000 of 64 bytes failed: Only part of a ReadProcessMemory or WriteProcessMemory request was completed. (0x12B)
[0819/022812.920:WARNING:pe_image_reader.cc(340)] could not read dos header from C:\WINDOWS\SYSTEM32\PROPSYS.dll
[0819/022812.920:ERROR:process_memory_win.cc(73)] ReadMemory at 0x7ffe5c160000 of 64 bytes failed: Only part of a ReadProcessMemory or WriteProcessMemory request was completed. (0x12B)
[0819/022812.920:WARNING:pe_image_reader.cc(340)] could not read dos header from C:\WINDOWS\System32\shcore.dll
[0819/022812.920:ERROR:process_memory_win.cc(73)] ReadMemory at 0x7ffe5a9a0000 of 64 bytes failed: Only part of a ReadProcessMemory or WriteProcessMemory request was completed. (0x12B)
[0819/022812.920:WARNING:pe_image_reader.cc(340)] could not read dos header from C:\WINDOWS\SYSTEM32\SSPICLI.DLL
[0819/022812.920:ERROR:process_memory_win.cc(73)] ReadMemory at 0x7ffe5d100000 of 64 bytes failed: Only part of a ReadProcessMemory or WriteProcessMemory request was completed. (0x12B)
[0819/022812.920:WARNING:pe_image_reader.cc(340)] could not read dos header from C:\WINDOWS\System32\IMM32.DLL
[0819/022812.921:ERROR:process_memory_win.cc(73)] ReadMemory at 0x7ffe5a480000 of 64 bytes failed: Only part of a ReadProcessMemory or WriteProcessMemory request was completed. (0x12B)
[0819/022812.921:WARNING:pe_image_reader.cc(340)] could not read dos header from C:\WINDOWS\SYSTEM32\CRYPTBASE.DLL
[0819/022812.921:ERROR:process_memory_win.cc(73)] ReadMemory at 0x7ff68af70000 of 64 bytes failed: Only part of a ReadProcessMemory or WriteProcessMemory request was completed. (0x12B)
[0819/022812.921:WARNING:pe_image_reader.cc(340)] could not read dos header from C:\Program Files (x86)\Google\Chrome\Application\chrome.exe
[0819/022812.921:ERROR:process_memory_win.cc(73)] ReadMemory at 0x7ffe5ead0000 of 64 bytes failed: Only part of a ReadProcessMemory or WriteProcessMemory request was completed. (0x12B)
[0819/022812.921:WARNING:pe_image_reader.cc(340)] could not read dos header from C:\WINDOWS\SYSTEM32\ntdll.dll
[0819/022812.922:ERROR:process_memory_win.cc(73)] ReadMemory at 0x7ffe5cd50000 of 64 bytes failed: Only part of a ReadProcessMemory or WriteProcessMemory request was completed. (0x12B)
[0819/022812.922:WARNING:pe_image_reader.cc(340)] could not read dos header from C:\WINDOWS\System32\KERNEL32.DLL
[0819/022812.922:ERROR:process_memory_win.cc(73)] ReadMemory at 0x7ffe5b6a0000 of 64 bytes failed: Only part of a ReadProcessMemory or WriteProcessMemory request was completed. (0x12B)
[0819/022812.922:WARNING:pe_image_reader.cc(340)] could not read dos header from C:\WINDOWS\System32\KERNELBASE.dll
[0819/022812.922:ERROR:process_memory_win.cc(73)] ReadMemory at 0x7ffe10fe0000 of 64 bytes failed: Only part of a ReadProcessMemory or WriteProcessMemory request was completed. (0x12B)
[0819/022812.922:WARNING:pe_image_reader.cc(340)] could not read dos header from C:\Program Files (x86)\Google\Chrome\Application\76.0.3809.100\chrome_elf.dll
[0819/022812.922:ERROR:process_memory_win.cc(73)] ReadMemory at 0x7ffe50f00000 of 64 bytes failed: Only part of a ReadProcessMemory or WriteProcessMemory request was completed. (0x12B)
[0819/022812.923:WARNING:pe_image_reader.cc(340)] could not read dos header from C:\WINDOWS\SYSTEM32\VERSION.dll
[0819/022812.923:ERROR:process_memory_win.cc(73)] ReadMemory at 0x7ffe5c7d0000 of 64 bytes failed: Only part of a ReadProcessMemory or WriteProcessMemory request was completed. (0x12B)
[0819/022812.923:WARNING:pe_image_reader.cc(340)] could not read dos header from C:\WINDOWS\System32\msvcrt.dll
[0819/022812.923:ERROR:process_memory_win.cc(73)] ReadMemory at 0x7ffe5b940000 of 64 bytes failed: Only part of a ReadProcessMemory or WriteProcessMemory request was completed. (0x12B)
[0819/022812.923:WARNING:pe_image_reader.cc(340)] could not read dos header from C:\WINDOWS\System32\bcryptPrimitives.dll
[0819/022812.923:ERROR:process_memory_win.cc(73)] ReadMemory at 0x7ffe5d130000 of 64 bytes failed: Only part of a ReadProcessMemory or WriteProcessMemory request was completed. (0x12B)
[0819/022812.923:WARNING:pe_image_reader.cc(340)] could not read dos header from C:\WINDOWS\System32\ADVAPI32.dll
[0819/022812.924:ERROR:process_memory_win.cc(73)] ReadMemory at 0x7ffe5bf50000 of 64 bytes failed: Only part of a ReadProcessMemory or WriteProcessMemory request was completed. (0x12B)
[0819/022812.924:WARNING:pe_image_reader.cc(340)] could not read dos header from C:\WINDOWS\System32\sechost.dll
[0819/022812.924:ERROR:process_memory_win.cc(73)] ReadMemory at 0x7ffe5e860000 of 64 bytes failed: Only part of a ReadProcessMemory or WriteProcessMemory request was completed. (0x12B)
[0819/022812.924:WARNING:pe_image_reader.cc(340)] could not read dos header from C:\WINDOWS\System32\RPCRT4.dll
[0819/022812.925:ERROR:process_memory_win.cc(73)] ReadMemory at 0x7ffdea600000 of 64 bytes failed: Only part of a ReadProcessMemory or WriteProcessMemory request was completed. (0x12B)
[0819/022812.925:WARNING:pe_image_reader.cc(340)] could not read dos header from C:\Program Files (x86)\Google\Chrome\Application\76.0.3809.100\chrome_child.dll
[0819/022812.925:ERROR:process_memory_win.cc(73)] ReadMemory at 0x7ffe5be80000 of 64 bytes failed: Only part of a ReadProcessMemory or WriteProcessMemory request was completed. (0x12B)
[0819/022812.925:WARNING:pe_image_reader.cc(340)] could not read dos header from C:\WINDOWS\System32\OLEAUT32.dll
[0819/022812.925:ERROR:process_memory_win.cc(73)] ReadMemory at 0x7ffe5b600000 of 64 bytes failed: Only part of a ReadProcessMemory or WriteProcessMemory request was completed. (0x12B)
[0819/022812.925:WARNING:pe_image_reader.cc(340)] could not read dos header from C:\WINDOWS\System32\msvcp_win.dll
[0819/022812.926:ERROR:process_memory_win.cc(73)] ReadMemory at 0x7ffe5b500000 of 64 bytes failed: Only part of a ReadProcessMemory or WriteProcessMemory request was completed. (0x12B)
[0819/022812.926:WARNING:pe_image_reader.cc(340)] could not read dos header from C:\WINDOWS\System32\ucrtbase.dll
[0819/022812.926:ERROR:process_memory_win.cc(73)] ReadMemory at 0x7ffe5c870000 of 64 bytes failed: Only part of a ReadProcessMemory or WriteProcessMemory request was completed. (0x12B)
[0819/022812.926:WARNING:pe_image_reader.cc(340)] could not read dos header from C:\WINDOWS\System32\combase.dll
[0819/022812.927:ERROR:process_memory_win.cc(73)] ReadMemory at 0x7ffe5d030000 of 64 bytes failed: Only part of a ReadProcessMemory or WriteProcessMemory request was completed. (0x12B)
[0819/022812.927:WARNING:pe_image_reader.cc(340)] could not read dos header from C:\WINDOWS\System32\WS2_32.dll
[0819/022812.927:ERROR:process_memory_win.cc(73)] ReadMemory at 0x7ffe5e820000 of 64 bytes failed: Only part of a ReadProcessMemory or WriteProcessMemory request was completed. (0x12B)
[0819/022812.927:WARNING:pe_image_reader.cc(340)] could not read dos header from C:\WINDOWS\System32\GDI32.dll
[0819/022812.928:ERROR:process_memory_win.cc(73)] ReadMemory at 0x7ffe5b9c0000 of 64 bytes failed: Only part of a ReadProcessMemory or WriteProcessMemory request was completed. (0x12B)
[0819/022812.928:WARNING:pe_image_reader.cc(340)] could not read dos header from C:\WINDOWS\System32\gdi32full.dll
[0819/022812.928:ERROR:process_memory_win.cc(73)] ReadMemory at 0x7ffe5cba0000 of 64 bytes failed: Only part of a ReadProcessMemory or WriteProcessMemory request was completed. (0x12B)
[0819/022812.928:WARNING:pe_image_reader.cc(340)] could not read dos header from C:\WINDOWS\System32\USER32.dll
[0819/022812.928:ERROR:process_memory_win.cc(73)] ReadMemory at 0x7ffe5bc40000 of 64 bytes failed: Only part of a ReadProcessMemory or WriteProcessMemory request was completed. (0x12B)
[0819/022812.929:WARNING:pe_image_reader.cc(340)] could not read dos header from C:\WINDOWS\System32\win32u.dll
[0819/022812.929:ERROR:process_memory_win.cc(73)] ReadMemory at 0x7ffe5ab70000 of 64 bytes failed: Only part of a ReadProcessMemory or WriteProcessMemory request was completed. (0x12B)
[0819/022812.929:WARNING:pe_image_reader.cc(340)] could not read dos header from C:\WINDOWS\System32\WINTRUST.dll
[0819/022812.929:ERROR:process_memory_win.cc(73)] ReadMemory at 0x7ffe5aaa0000 of 64 bytes failed: Only part of a ReadProcessMemory or WriteProcessMemory request was completed. (0x12B)
[0819/022812.929:WARNING:pe_image_reader.cc(340)] could not read dos header from C:\WINDOWS\System32\MSASN1.dll
[0819/022812.930:ERROR:process_memory_win.cc(73)] ReadMemory at 0x7ffe5abd0000 of 64 bytes failed: Only part of a ReadProcessMemory or WriteProcessMemory request was completed. (0x12B)
[0819/022812.930:WARNING:pe_image_reader.cc(340)] could not read dos header from C:\WINDOWS\System32\CRYPT32.dll
[0819/022812.930:ERROR:process_memory_win.cc(73)] ReadMemory at 0x7ffe59fd0000 of 64 bytes failed: Only part of a ReadProcessMemory or WriteProcessMemory request was completed. (0x12B)
[0819/022812.930:WARNING:pe_image_reader.cc(340)] could not read dos header from C:\WINDOWS\SYSTEM32\IPHLPAPI.DLL
[0819/022812.930:ERROR:process_memory_win.cc(73)] ReadMemory at 0x7ffe51b40000 of 64 bytes failed: Only part of a ReadProcessMemory or WriteProcessMemory request was completed. (0x12B)
[0819/022812.930:WARNING:pe_image_reader.cc(340)] could not read dos header from C:\WINDOWS\SYSTEM32\WINMM.dll
[0819/022812.930:ERROR:process_memory_win.cc(73)] ReadMemory at 0x7ffe5a9d0000 of 64 bytes failed: Only part of a ReadProcessMemory or WriteProcessMemory request was completed. (0x12B)
[0819/022812.930:WARNING:pe_image_reader.cc(340)] could not read dos header from C:\WINDOWS\SYSTEM32\USERENV.dll
[0819/022812.930:ERROR:process_memory_win.cc(73)] ReadMemory at 0x7ffe5aae0000 of 64 bytes failed: Only part of a ReadProcessMemory or WriteProcessMemory request was completed. (0x12B)
[0819/022812.930:WARNING:pe_image_reader.cc(340)] could not read dos header from C:\WINDOWS\System32\profapi.dll
[0819/022812.930:ERROR:process_memory_win.cc(73)] ReadMemory at 0x7ffe296e0000 of 64 bytes failed: Only part of a ReadProcessMemory or WriteProcessMemory request was completed. (0x12B)
[0819/022812.930:WARNING:pe_image_reader.cc(340)] could not read dos header from C:\WINDOWS\SYSTEM32\DWrite.dll
[0819/022812.931:ERROR:process_memory_win.cc(73)] ReadMemory at 0x7ffe50910000 of 64 bytes failed: Only part of a ReadProcessMemory or WriteProcessMemory request was completed. (0x12B)
[0819/022812.931:WARNING:pe_image_reader.cc(340)] could not read dos header from C:\WINDOWS\SYSTEM32\WINSPOOL.DRV
[0819/022812.931:ERROR:process_memory_win.cc(73)] ReadMemory at 0x7ffe5aac0000 of 64 bytes failed: Only part of a ReadProcessMemory or WriteProcessMemory request was completed. (0x12B)
[0819/022812.931:WARNING:pe_image_reader.cc(340)] could not read dos header from C:\WINDOWS\System32\kernel.appcore.dll
[0819/022812.931:ERROR:process_memory_win.cc(73)] ReadMemory at 0x7ffe5bc10000 of 64 bytes failed: Only part of a ReadProcessMemory or WriteProcessMemory request was completed. (0x12B)
[0819/022812.931:WARNING:pe_image_reader.cc(340)] could not read dos header from C:\WINDOWS\System32\bcrypt.dll
[0819/022812.931:ERROR:process_memory_win.cc(73)] ReadMemory at 0x7ffe56f10000 of 64 bytes failed: Only part of a ReadProcessMemory or WriteProcessMemory request was completed. (0x12B)
[0819/022812.931:WARNING:pe_image_reader.cc(340)] could not read dos header from C:\WINDOWS\SYSTEM32\dbghelp.dll
[0819/022812.931:ERROR:process_memory_win.cc(73)] ReadMemory at 0x7ffe53350000 of 64 bytes failed: Only part of a ReadProcessMemory or WriteProcessMemory request was completed. (0x12B)
[0819/022812.931:WARNING:pe_image_reader.cc(340)] could not read dos header from C:\WINDOWS\SYSTEM32\WINHTTP.dll
[0819/022812.931:ERROR:process_memory_win.cc(73)] ReadMemory at 0x7ffe4ea10000 of 64 bytes failed: Only part of a ReadProcessMemory or WriteProcessMemory request was completed. (0x12B)
[0819/022812.931:WARNING:pe_image_reader.cc(340)] could not read dos header from C:\WINDOWS\SYSTEM32\Secur32.dll
[0819/022812.931:ERROR:process_memory_win.cc(73)] ReadMemory at 0x7ffe52e30000 of 64 bytes failed: Only part of a ReadProcessMemory or WriteProcessMemory request was completed. (0x12B)
[0819/022812.931:WARNING:pe_image_reader.cc(340)] could not read dos header from C:\WINDOWS\SYSTEM32\dhcpcsvc.DLL
[0819/022812.931:ERROR:process_memory_win.cc(73)] ReadMemory at 0x7ffe5c7c0000 of 64 bytes failed: Only part of a ReadProcessMemory or WriteProcessMemory request was completed. (0x12B)
[0819/022812.931:WARNING:pe_image_reader.cc(340)] could not read dos header from C:\WINDOWS\System32\NSI.dll
[0819/022812.931:ERROR:process_memory_win.cc(73)] ReadMemory at 0x7ffe51b10000 of 64 bytes failed: Only part of a ReadProcessMemory or WriteProcessMemory request was completed. (0x12B)
[0819/022812.932:WARNING:pe_image_reader.cc(340)] could not read dos header from C:\WINDOWS\SYSTEM32\WINMMBASE.dll
[0819/022812.932:ERROR:process_memory_win.cc(73)] ReadMemory at 0x7ffe5bc60000 of 64 bytes failed: Only part of a ReadProcessMemory or WriteProcessMemory request was completed. (0x12B)
[0819/022812.932:WARNING:pe_image_reader.cc(340)] could not read dos header from C:\WINDOWS\System32\cfgmgr32.dll
[0819/022812.932:ERROR:process_memory_win.cc(73)] ReadMemory at 0x7ffe57100000 of 64 bytes failed: Only part of a ReadProcessMemory or WriteProcessMemory request was completed. (0x12B)
[0819/022812.932:WARNING:pe_image_reader.cc(340)] could not read dos header from C:\WINDOWS\SYSTEM32\PROPSYS.dll
[0819/022812.932:ERROR:process_memory_win.cc(73)] ReadMemory at 0x7ffe5c160000 of 64 bytes failed: Only part of a ReadProcessMemory or WriteProcessMemory request was completed. (0x12B)
[0819/022812.932:WARNING:pe_image_reader.cc(340)] could not read dos header from C:\WINDOWS\System32\shcore.dll
[0819/022812.932:ERROR:process_memory_win.cc(73)] ReadMemory at 0x7ffe5a9a0000 of 64 bytes failed: Only part of a ReadProcessMemory or WriteProcessMemory request was completed. (0x12B)
[0819/022812.932:WARNING:pe_image_reader.cc(340)] could not read dos header from C:\WINDOWS\SYSTEM32\SSPICLI.DLL
[0819/022812.932:ERROR:process_memory_win.cc(73)] ReadMemory at 0x7ffe5d100000 of 64 bytes failed: Only part of a ReadProcessMemory or WriteProcessMemory request was completed. (0x12B)
[0819/022812.932:WARNING:pe_image_reader.cc(340)] could not read dos header from C:\WINDOWS\System32\IMM32.DLL
[0819/022812.932:ERROR:process_memory_win.cc(73)] ReadMemory at 0x7ffe5a480000 of 64 bytes failed: Only part of a ReadProcessMemory or WriteProcessMemory request was completed. (0x12B)
[0819/022812.932:WARNING:pe_image_reader.cc(340)] could not read dos header from C:\WINDOWS\SYSTEM32\CRYPTBASE.DLL
[0819/022816.713:ERROR:process_memory_win.cc(73)] ReadMemory at 0x729c7f2000 of 57344 bytes failed: Only part of a ReadProcessMemory or WriteProcessMemory request was completed. (0x12B)
[0819/022816.714:ERROR:process_memory_win.cc(73)] ReadMemory at 0x729c9fd000 of 12288 bytes failed: Only part of a ReadProcessMemory or WriteProcessMemory request was completed. (0x12B)
[0819/022816.715:ERROR:process_memory_win.cc(73)] ReadMemory at 0x729cbfc000 of 16384 bytes failed: Only part of a ReadProcessMemory or WriteProcessMemory request was completed. (0x12B)
[0819/022816.716:ERROR:process_memory_win.cc(73)] ReadMemory at 0x729cdfc000 of 16384 bytes failed: Only part of a ReadProcessMemory or WriteProcessMemory request was completed. (0x12B)
[0819/022816.716:ERROR:process_memory_win.cc(73)] ReadMemory at 0x729cffc000 of 16384 bytes failed: Only part of a ReadProcessMemory or WriteProcessMemory request was completed. (0x12B)
[0819/022816.717:ERROR:process_memory_win.cc(73)] ReadMemory at 0x729d1fe000 of 8192 bytes failed: Only part of a ReadProcessMemory or WriteProcessMemory request was completed. (0x12B)
[0819/022816.717:ERROR:process_memory_win.cc(73)] ReadMemory at 0x729d3fd000 of 12288 bytes failed: Only part of a ReadProcessMemory or WriteProcessMemory request was completed. (0x12B)
[0819/022816.717:ERROR:process_memory_win.cc(73)] ReadMemory at 0x729d5fb000 of 20480 bytes failed: Only part of a ReadProcessMemory or WriteProcessMemory request was completed. (0x12B)
[0819/022816.718:ERROR:process_memory_win.cc(73)] ReadMemory at 0x729d7f7000 of 36864 bytes failed: Only part of a ReadProcessMemory or WriteProcessMemory request was completed. (0x12B)
[0819/022816.718:ERROR:process_memory_win.cc(73)] ReadMemory at 0x729d9f7000 of 36864 bytes failed: Only part of a ReadProcessMemory or WriteProcessMemory request was completed. (0x12B)
[0819/022816.719:ERROR:process_memory_win.cc(73)] ReadMemory at 0x729dbfd000 of 12288 bytes failed: Only part of a ReadProcessMemory or WriteProcessMemory request was completed. (0x12B)
[0819/022816.719:ERROR:process_memory_win.cc(73)] ReadMemory at 0x729dffc000 of 16384 bytes failed: Only part of a ReadProcessMemory or WriteProcessMemory request was completed. (0x12B)
[0819/022816.720:ERROR:process_memory_win.cc(73)] ReadMemory at 0x729e1fc000 of 16384 bytes failed: Only part of a ReadProcessMemory or WriteProcessMemory request was completed. (0x12B)
[0819/022817.534:ERROR:process_memory_win.cc(73)] ReadMemory at 0x729c5dd000 of 852 bytes failed: Only part of a ReadProcessMemory or WriteProcessMemory request was completed. (0x12B)
[0819/022818.037:ERROR:process_memory_win.cc(73)] ReadMemory at 0x729c5de000 of 6024 bytes failed: Only part of a ReadProcessMemory or WriteProcessMemory request was completed. (0x12B)
[0819/022818.067:ERROR:process_memory_win.cc(73)] ReadMemory at 0x729c5e0000 of 6024 bytes failed: Only part of a ReadProcessMemory or WriteProcessMemory request was completed. (0x12B)
[0819/022818.217:ERROR:process_memory_win.cc(73)] ReadMemory at 0x729c5e2000 of 6024 bytes failed: Only part of a ReadProcessMemory or WriteProcessMemory request was completed. (0x12B)
[0819/022818.217:ERROR:process_memory_win.cc(73)] ReadMemory at 0x729c5e4000 of 6024 bytes failed: Only part of a ReadProcessMemory or WriteProcessMemory request was completed. (0x12B)
[0819/022818.217:ERROR:process_memory_win.cc(73)] ReadMemory at 0x729c5e6000 of 6024 bytes failed: Only part of a ReadProcessMemory or WriteProcessMemory request was completed. (0x12B)
[0819/022818.218:ERROR:process_memory_win.cc(73)] ReadMemory at 0x729c5e8000 of 6024 bytes failed: Only part of a ReadProcessMemory or WriteProcessMemory request was completed. (0x12B)
[0819/022818.218:ERROR:process_memory_win.cc(73)] ReadMemory at 0x729c5ea000 of 6024 bytes failed: Only part of a ReadProcessMemory or WriteProcessMemory request was completed. (0x12B)
[0819/022818.218:ERROR:process_memory_win.cc(73)] ReadMemory at 0x729c5ec000 of 6024 bytes failed: Only part of a ReadProcessMemory or WriteProcessMemory request was completed. (0x12B)
[0819/022818.218:ERROR:process_memory_win.cc(73)] ReadMemory at 0x729c5ee000 of 6024 bytes failed: Only part of a ReadProcessMemory or WriteProcessMemory request was completed. (0x12B)
[0819/022818.218:ERROR:process_memory_win.cc(73)] ReadMemory at 0x729c5f0000 of 6024 bytes failed: Only part of a ReadProcessMemory or WriteProcessMemory request was completed. (0x12B)
[0819/022818.218:ERROR:process_memory_win.cc(73)] ReadMemory at 0x729c5f2000 of 6024 bytes failed: Only part of a ReadProcessMemory or WriteProcessMemory request was completed. (0x12B)
[0819/022818.218:ERROR:process_memory_win.cc(73)] ReadMemory at 0x729c5f6000 of 6024 bytes failed: Only part of a ReadProcessMemory or WriteProcessMemory request was completed. (0x12B)
[0819/022818.218:ERROR:process_memory_win.cc(73)] ReadMemory at 0x729c5f8000 of 6024 bytes failed: Only part of a ReadProcessMemory or WriteProcessMemory request was completed. (0x12B)
[0819/022818.219:ERROR:process_memory_win.cc(73)] ReadMemory at 0x1c48036ff80 of 848 bytes failed: Only part of a ReadProcessMemory or WriteProcessMemory request was completed. (0x12B)
[0819/022818.219:ERROR:process_memory_win.cc(73)] ReadMemory at 0x1c480376350 of 512 bytes failed: Only part of a ReadProcessMemory or WriteProcessMemory request was completed. (0x12B)
[0819/022818.219:ERROR:process_memory_win.cc(73)] ReadMemory at 0x1c480626cf8 of 512 bytes failed: Only part of a ReadProcessMemory or WriteProcessMemory request was completed. (0x12B)
[0819/022818.219:ERROR:process_memory_win.cc(73)] ReadMemory at 0x1c48062f2f0 of 512 bytes failed: Only part of a ReadProcessMemory or WriteProcessMemory request was completed. (0x12B)
[0819/022818.219:ERROR:process_memory_win.cc(73)] ReadMemory at 0x1c48062f503 of 557 bytes failed: Only part of a ReadProcessMemory or WriteProcessMemory request was completed. (0x12B)
[0819/022818.278:ERROR:process_memory_win.cc(73)] ReadMemory at 0x1c480657570 of 712 bytes failed: Only part of a ReadProcessMemory or WriteProcessMemory request was completed. (0x12B)
[0819/022818.278:ERROR:process_memory_win.cc(73)] ReadMemory at 0x1c480657ea0 of 512 bytes failed: Only part of a ReadProcessMemory or WriteProcessMemory request was completed. (0x12B)
[0819/022818.627:ERROR:process_memory_win.cc(73)] ReadMemory at 0x1c4806640f0 of 512 bytes failed: Only part of a ReadProcessMemory or WriteProcessMemory request was completed. (0x12B)
[0819/022818.627:ERROR:process_memory_win.cc(73)] ReadMemory at 0x1c480665910 of 512 bytes failed: Only part of a ReadProcessMemory or WriteProcessMemory request was completed. (0x12B)
[0819/022818.627:ERROR:process_memory_win.cc(73)] ReadMemory at 0x1c48066e998 of 512 bytes failed: Only part of a ReadProcessMemory or WriteProcessMemory request was completed. (0x12B)
[0819/022818.628:ERROR:process_memory_win.cc(73)] ReadMemory at 0x1c48230f108 of 512 bytes failed: Only part of a ReadProcessMemory or WriteProcessMemory request was completed. (0x12B)
[0819/022818.628:ERROR:process_memory_win.cc(73)] ReadMemory at 0x1c48230f348 of 512 bytes failed: Only part of a ReadProcessMemory or WriteProcessMemory request was completed. (0x12B)
[0819/022818.628:ERROR:process_memory_win.cc(73)] ReadMemory at 0x1c48230fcd8 of 512 bytes failed: Only part of a ReadProcessMemory or WriteProcessMemory request was completed. (0x12B)
[0819/022818.628:ERROR:process_memory_win.cc(73)] ReadMemory at 0x1c482329720 of 512 bytes failed: Only part of a ReadProcessMemory or WriteProcessMemory request was completed. (0x12B)
[0819/022818.629:ERROR:process_memory_win.cc(73)] ReadMemory at 0x1c48246c790 of 512 bytes failed: Only part of a ReadProcessMemory or WriteProcessMemory request was completed. (0x12B)
[0819/022818.629:ERROR:process_memory_win.cc(73)] ReadMemory at 0x1c482bbaed0 of 512 bytes failed: Only part of a ReadProcessMemory or WriteProcessMemory request was completed. (0x12B)
[0819/022818.629:ERROR:process_memory_win.cc(73)] ReadMemory at 0x1c485fe3310 of 512 bytes failed: Only part of a ReadProcessMemory or WriteProcessMemory request was completed. (0x12B)
[0819/022818.629:ERROR:process_memory_win.cc(73)] ReadMemory at 0x1c48744dbb0 of 512 bytes failed: Only part of a ReadProcessMemory or WriteProcessMemory request was completed. (0x12B)
[0819/022818.629:ERROR:process_memory_win.cc(73)] ReadMemory at 0x1c48a2b4d70 of 512 bytes failed: Only part of a ReadProcessMemory or WriteProcessMemory request was completed. (0x12B)
[0819/022818.630:ERROR:process_memory_win.cc(73)] ReadMemory at 0x1c4c1650000 of 400 bytes failed: Only part of a ReadProcessMemory or WriteProcessMemory request was completed. (0x12B)
[0819/022818.630:ERROR:process_memory_win.cc(73)] ReadMemory at 0x1c4dd060fe0 of 9668 bytes failed: Only part of a ReadProcessMemory or WriteProcessMemory request was completed. (0x12B)
[0819/022818.918:ERROR:process_memory_win.cc(73)] ReadMemory at 0x1c4dd0635b0 of 1012 bytes failed: Only part of a ReadProcessMemory or WriteProcessMemory request was completed. (0x12B)
[0819/022818.918:ERROR:process_memory_win.cc(73)] ReadMemory at 0x1c4dd063bd8 of 118 bytes failed: Only part of a ReadProcessMemory or WriteProcessMemory request was completed. (0x12B)
[0819/022818.918:ERROR:process_memory_win.cc(73)] ReadMemory at 0x1c4dd063c50 of 866 bytes failed: Only part of a ReadProcessMemory or WriteProcessMemory request was completed. (0x12B)
[0819/022818.918:ERROR:process_memory_win.cc(73)] ReadMemory at 0x1c4dd063fb4 of 118 bytes failed: Only part of a ReadProcessMemory or WriteProcessMemory request was completed. (0x12B)
[0819/022818.918:ERROR:process_memory_win.cc(73)] ReadMemory at 0x1c4dd06402c of 100 bytes failed: Only part of a ReadProcessMemory or WriteProcessMemory request was completed. (0x12B)
[0819/022818.918:ERROR:process_memory_win.cc(73)] ReadMemory at 0x1c4dd0640a0 of 58 bytes failed: Only part of a ReadProcessMemory or WriteProcessMemory request was completed. (0x12B)
[0819/022818.918:ERROR:process_memory_win.cc(73)] ReadMemory at 0x1c4dd0641a0 of 132 bytes failed: Only part of a ReadProcessMemory or WriteProcessMemory request was completed. (0x12B)
[0819/022818.918:ERROR:process_memory_win.cc(73)] ReadMemory at 0x1c4dd064330 of 132 bytes failed: Only part of a ReadProcessMemory or WriteProcessMemory request was completed. (0x12B)
[0819/022818.918:ERROR:process_memory_win.cc(73)] ReadMemory at 0x1c4dd0644f0 of 126 bytes failed: Only part of a ReadProcessMemory or WriteProcessMemory request was completed. (0x12B)
[0819/022818.918:ERROR:process_memory_win.cc(73)] ReadMemory at 0x1c4dd0648d0 of 132 bytes failed: Only part of a ReadProcessMemory or WriteProcessMemory request was completed. (0x12B)
[0819/022818.918:ERROR:process_memory_win.cc(73)] ReadMemory at 0x1c4dd064a60 of 64 bytes failed: Only part of a ReadProcessMemory or WriteProcessMemory request was completed. (0x12B)
[0819/022818.918:ERROR:process_memory_win.cc(73)] ReadMemory at 0x1c4dd064ab0 of 132 bytes failed: Only part of a ReadProcessMemory or WriteProcessMemory request was completed. (0x12B)
[0819/022818.919:ERROR:process_memory_win.cc(73)] ReadMemory at 0x1c4dd064c20 of 132 bytes failed: Only part of a ReadProcessMemory or WriteProcessMemory request was completed. (0x12B)
[0819/022818.919:ERROR:process_memory_win.cc(73)] ReadMemory at 0x1c4dd064ec0 of 132 bytes failed: Only part of a ReadProcessMemory or WriteProcessMemory request was completed. (0x12B)
[0819/022818.919:ERROR:process_memory_win.cc(73)] ReadMemory at 0x1c4dd065050 of 68 bytes failed: Only part of a ReadProcessMemory or WriteProcessMemory request was completed. (0x12B)
[0819/022818.919:ERROR:process_memory_win.cc(73)] ReadMemory at 0x1c4dd0660b0 of 132 bytes failed: Only part of a ReadProcessMemory or WriteProcessMemory request was completed. (0x12B)
[0819/022818.919:ERROR:process_memory_win.cc(73)] ReadMemory at 0x1c4dd0661e0 of 154 bytes failed: Only part of a ReadProcessMemory or WriteProcessMemory request was completed. (0x12B)
[0819/022818.919:ERROR:process_memory_win.cc(73)] ReadMemory at 0x1c4dd066d00 of 132 bytes failed: Only part of a ReadProcessMemory or WriteProcessMemory request was completed. (0x12B)
[0819/022818.919:ERROR:process_memory_win.cc(73)] ReadMemory at 0x1c4dd066e30 of 132 bytes failed: Only part of a ReadProcessMemory or WriteProcessMemory request was completed. (0x12B)
[0819/022818.919:ERROR:process_memory_win.cc(73)] ReadMemory at 0x1c4dd066fe0 of 62 bytes failed: Only part of a ReadProcessMemory or WriteProcessMemory request was completed. (0x12B)
[0819/022818.919:ERROR:process_memory_win.cc(73)] ReadMemory at 0x1c4dd067140 of 132 bytes failed: Only part of a ReadProcessMemory or WriteProcessMemory request was completed. (0x12B)
[0819/022818.919:ERROR:process_memory_win.cc(73)] ReadMemory at 0x1c4dd0672d0 of 60 bytes failed: Only part of a ReadProcessMemory or WriteProcessMemory request was completed. (0x12B)
[0819/022818.919:ERROR:process_memory_win.cc(73)] ReadMemory at 0x1c4dd067df0 of 132 bytes failed: Only part of a ReadProcessMemory or WriteProcessMemory request was completed. (0x12B)
[0819/022818.919:ERROR:process_memory_win.cc(73)] ReadMemory at 0x1c4dd069950 of 132 bytes failed: Only part of a ReadProcessMemory or WriteProcessMemory request was completed. (0x12B)
[0819/022818.919:ERROR:process_memory_win.cc(73)] ReadMemory at 0x1c4dd069a80 of 158 bytes failed: Only part of a ReadProcessMemory or WriteProcessMemory request was completed. (0x12B)
[0819/022818.919:ERROR:process_memory_win.cc(73)] ReadMemory at 0x1c4dd06c020 of 132 bytes failed: Only part of a ReadProcessMemory or WriteProcessMemory request was completed. (0x12B)
[0819/022818.919:ERROR:process_memory_win.cc(73)] ReadMemory at 0x1c4dd06c230 of 132 bytes failed: Only part of a ReadProcessMemory or WriteProcessMemory request was completed. (0x12B)
[0819/022818.919:ERROR:process_memory_win.cc(73)] ReadMemory at 0x1c4dd06c5d0 of 132 bytes failed: Only part of a ReadProcessMemory or WriteProcessMemory request was completed. (0x12B)
[0819/022818.920:ERROR:process_memory_win.cc(73)] ReadMemory at 0x1c4dd06cbd0 of 80 bytes failed: Only part of a ReadProcessMemory or WriteProcessMemory request was completed. (0x12B)
[0819/022818.920:ERROR:process_memory_win.cc(73)] ReadMemory at 0x1c4dd06d3d0 of 62 bytes failed: Only part of a ReadProcessMemory or WriteProcessMemory request was completed. (0x12B)
[0819/022818.920:ERROR:process_memory_win.cc(73)] ReadMemory at 0x1c4dd06d470 of 60 bytes failed: Only part of a ReadProcessMemory or WriteProcessMemory request was completed. (0x12B)
[0819/022818.920:ERROR:process_memory_win.cc(73)] ReadMemory at 0x1c4dd06d4c0 of 58 bytes failed: Only part of a ReadProcessMemory or WriteProcessMemory request was completed. (0x12B)
[0819/022818.920:ERROR:process_memory_win.cc(73)] ReadMemory at 0x1c4dd06d5b0 of 66 bytes failed: Only part of a ReadProcessMemory or WriteProcessMemory request was completed. (0x12B)
[0819/022818.920:ERROR:process_memory_win.cc(73)] ReadMemory at 0x1c4dd06d600 of 62 bytes failed: Only part of a ReadProcessMemory or WriteProcessMemory request was completed. (0x12B)
[0819/022818.920:ERROR:process_memory_win.cc(73)] ReadMemory at 0x1c4dd06d650 of 60 bytes failed: Only part of a ReadProcessMemory or WriteProcessMemory request was completed. (0x12B)
[0819/022818.920:ERROR:process_memory_win.cc(73)] ReadMemory at 0x1c4dd06d6a0 of 64 bytes failed: Only part of a ReadProcessMemory or WriteProcessMemory request was completed. (0x12B)
[0819/022818.920:ERROR:process_memory_win.cc(73)] ReadMemory at 0x1c4dd06da60 of 64 bytes failed: Only part of a ReadProcessMemory or WriteProcessMemory request was completed. (0x12B)
[0819/022818.920:ERROR:process_memory_win.cc(73)] ReadMemory at 0x1c4dd06dab0 of 64 bytes failed: Only part of a ReadProcessMemory or WriteProcessMemory request was completed. (0x12B)
[0819/022818.920:ERROR:process_memory_win.cc(73)] ReadMemory at 0x1c4dd06dc10 of 132 bytes failed: Only part of a ReadProcessMemory or WriteProcessMemory request was completed. (0x12B)
[0819/022818.920:ERROR:process_memory_win.cc(73)] ReadMemory at 0x1c4dd06dd40 of 132 bytes failed: Only part of a ReadProcessMemory or WriteProcessMemory request was completed. (0x12B)
[0819/022818.920:ERROR:process_memory_win.cc(73)] ReadMemory at 0x1c4dd06de70 of 132 bytes failed: Only part of a ReadProcessMemory or WriteProcessMemory request was completed. (0x12B)
[0819/022818.920:ERROR:process_memory_win.cc(73)] ReadMemory at 0x1c4dd06dfa0 of 132 bytes failed: Only part of a ReadProcessMemory or WriteProcessMemory request was completed. (0x12B)
[0819/022818.920:ERROR:process_memory_win.cc(73)] ReadMemory at 0x1c4dd06e0d0 of 132 bytes failed: Only part of a ReadProcessMemory or WriteProcessMemory request was completed. (0x12B)
[0819/022818.920:ERROR:process_memory_win.cc(73)] ReadMemory at 0x1c4dd06e330 of 132 bytes failed: Only part of a ReadProcessMemory or WriteProcessMemory request was completed. (0x12B)
[0819/022818.920:ERROR:process_memory_win.cc(73)] ReadMemory at 0x1c4dd06e460 of 132 bytes failed: Only part of a ReadProcessMemory or WriteProcessMemory request was completed. (0x12B)
[0819/022818.920:ERROR:process_memory_win.cc(73)] ReadMemory at 0x1c4dd06e590 of 132 bytes failed: Only part of a ReadProcessMemory or WriteProcessMemory request was completed. (0x12B)
[0819/022818.920:ERROR:process_memory_win.cc(73)] ReadMemory at 0x1c4dd06e6c0 of 132 bytes failed: Only part of a ReadProcessMemory or WriteProcessMemory request was completed. (0x12B)
[0819/022818.921:ERROR:process_memory_win.cc(73)] ReadMemory at 0x1c4dd06e7f0 of 132 bytes failed: Only part of a ReadProcessMemory or WriteProcessMemory request was completed. (0x12B)
[0819/022818.921:ERROR:process_memory_win.cc(73)] ReadMemory at 0x1c4dd06e920 of 132 bytes failed: Only part of a ReadProcessMemory or WriteProcessMemory request was completed. (0x12B)
[0819/022818.921:ERROR:process_memory_win.cc(73)] ReadMemory at 0x1c4dd06ea50 of 132 bytes failed: Only part of a ReadProcessMemory or WriteProcessMemory request was completed. (0x12B)
[0819/022818.921:ERROR:process_memory_win.cc(73)] ReadMemory at 0x1c4dd06eb50 of 512 bytes failed: Only part of a ReadProcessMemory or WriteProcessMemory request was completed. (0x12B)
[0819/022818.921:ERROR:process_memory_win.cc(73)] ReadMemory at 0x1c4dd071760 of 54 bytes failed: Only part of a ReadProcessMemory or WriteProcessMemory request was completed. (0x12B)
[0819/022818.921:ERROR:process_memory_win.cc(73)] ReadMemory at 0x1c4dd0732e0 of 132 bytes failed: Only part of a ReadProcessMemory or WriteProcessMemory request was completed. (0x12B)
[0819/022818.921:ERROR:process_memory_win.cc(73)] ReadMemory at 0x1c4dd0750c0 of 132 bytes failed: Only part of a ReadProcessMemory or WriteProcessMemory request was completed. (0x12B)
[0819/022818.921:ERROR:process_memory_win.cc(73)] ReadMemory at 0x1c4dd078210 of 76 bytes failed: Only part of a ReadProcessMemory or WriteProcessMemory request was completed. (0x12B)
[0819/022818.921:ERROR:process_memory_win.cc(73)] ReadMemory at 0x1c4dd078920 of 62 bytes failed: Only part of a ReadProcessMemory or WriteProcessMemory request was completed. (0x12B)
[0819/022818.921:ERROR:process_memory_win.cc(73)] ReadMemory at 0x1c4dd078a60 of 60 bytes failed: Only part of a ReadProcessMemory or WriteProcessMemory request was completed. (0x12B)
[0819/022818.921:ERROR:process_memory_win.cc(73)] ReadMemory at 0x1c4dd078ab0 of 58 bytes failed: Only part of a ReadProcessMemory or WriteProcessMemory request was completed. (0x12B)
[0819/022818.921:ERROR:process_memory_win.cc(73)] ReadMemory at 0x1c4dd078b50 of 62 bytes failed: Only part of a ReadProcessMemory or WriteProcessMemory request was completed. (0x12B)
[0819/022818.921:ERROR:process_memory_win.cc(73)] ReadMemory at 0x1c4dd078bf0 of 62 bytes failed: Only part of a ReadProcessMemory or WriteProcessMemory request was completed. (0x12B)
[0819/022818.921:ERROR:process_memory_win.cc(73)] ReadMemory at 0x1c4dd078c90 of 66 bytes failed: Only part of a ReadProcessMemory or WriteProcessMemory request was completed. (0x12B)
[0819/022818.921:ERROR:process_memory_win.cc(73)] ReadMemory at 0x1c4dd078dd0 of 64 bytes failed: Only part of a ReadProcessMemory or WriteProcessMemory request was completed. (0x12B)
[0819/022818.921:ERROR:process_memory_win.cc(73)] ReadMemory at 0x1c4dd078ec0 of 64 bytes failed: Only part of a ReadProcessMemory or WriteProcessMemory request was completed. (0x12B)
[0819/022818.921:ERROR:process_memory_win.cc(73)] ReadMemory at 0x1c4dd078f10 of 60 bytes failed: Only part of a ReadProcessMemory or WriteProcessMemory request was completed. (0x12B)
[0819/022818.922:ERROR:process_memory_win.cc(73)] ReadMemory at 0x1c4dd078f60 of 64 bytes failed: Only part of a ReadProcessMemory or WriteProcessMemory request was completed. (0x12B)
[0819/022818.922:ERROR:process_memory_win.cc(73)] ReadMemory at 0x1c4dd079000 of 62 bytes failed: Only part of a ReadProcessMemory or WriteProcessMemory request was completed. (0x12B)
[0819/022818.922:ERROR:process_memory_win.cc(73)] ReadMemory at 0x1c4dd079140 of 60 bytes failed: Only part of a ReadProcessMemory or WriteProcessMemory request was completed. (0x12B)
[0819/022818.922:ERROR:process_memory_win.cc(73)] ReadMemory at 0x1c4dd0791e0 of 66 bytes failed: Only part of a ReadProcessMemory or WriteProcessMemory request was completed. (0x12B)
[0819/022818.922:ERROR:process_memory_win.cc(73)] ReadMemory at 0x1c4dd079280 of 60 bytes failed: Only part of a ReadProcessMemory or WriteProcessMemory request was completed. (0x12B)
[0819/022818.922:ERROR:process_memory_win.cc(73)] ReadMemory at 0x1c4dd079320 of 58 bytes failed: Only part of a ReadProcessMemory or WriteProcessMemory request was completed. (0x12B)
[0819/022818.922:ERROR:process_memory_win.cc(73)] ReadMemory at 0x1c4dd079460 of 62 bytes failed: Only part of a ReadProcessMemory or WriteProcessMemory request was completed. (0x12B)
[0819/022818.922:ERROR:process_memory_win.cc(73)] ReadMemory at 0x1c4dd0794b0 of 60 bytes failed: Only part of a ReadProcessMemory or WriteProcessMemory request was completed. (0x12B)
[0819/022818.922:ERROR:process_memory_win.cc(73)] ReadMemory at 0x1c4dd079500 of 62 bytes failed: Only part of a ReadProcessMemory or WriteProcessMemory request was completed. (0x12B)
[0819/022818.922:ERROR:process_memory_win.cc(73)] ReadMemory at 0x1c4dd0795a0 of 62 bytes failed: Only part of a ReadProcessMemory or WriteProcessMemory request was completed. (0x12B)
[0819/022818.922:ERROR:process_memory_win.cc(73)] ReadMemory at 0x1c4dd079640 of 64 bytes failed: Only part of a ReadProcessMemory or WriteProcessMemory request was completed. (0x12B)
[0819/022818.922:ERROR:process_memory_win.cc(73)] ReadMemory at 0x1c4dd079690 of 62 bytes failed: Only part of a ReadProcessMemory or WriteProcessMemory request was completed. (0x12B)
[0819/022818.922:ERROR:process_memory_win.cc(73)] ReadMemory at 0x1c4dd0797d0 of 64 bytes failed: Only part of a ReadProcessMemory or WriteProcessMemory request was completed. (0x12B)
[0819/022818.922:ERROR:process_memory_win.cc(73)] ReadMemory at 0x1c4dd079870 of 60 bytes failed: Only part of a ReadProcessMemory or WriteProcessMemory request was completed. (0x12B)
[0819/022818.922:ERROR:process_memory_win.cc(73)] ReadMemory at 0x1c4dd07a540 of 132 bytes failed: Only part of a ReadProcessMemory or WriteProcessMemory request was completed. (0x12B)
[0819/022818.923:ERROR:process_memory_win.cc(73)] ReadMemory at 0x1c4dd07a7a0 of 132 bytes failed: Only part of a ReadProcessMemory or WriteProcessMemory request was completed. (0x12B)
[0819/022818.923:ERROR:process_memory_win.cc(73)] ReadMemory at 0x1c4dd07a8d0 of 132 bytes failed: Only part of a ReadProcessMemory or WriteProcessMemory request was completed. (0x12B)
[0819/022818.923:ERROR:process_memory_win.cc(73)] ReadMemory at 0x1c4dd07aa00 of 132 bytes failed: Only part of a ReadProcessMemory or WriteProcessMemory request was completed. (0x12B)
[0819/022818.923:ERROR:process_memory_win.cc(73)] ReadMemory at 0x1c4dd07ab30 of 132 bytes failed: Only part of a ReadProcessMemory or WriteProcessMemory request was completed. (0x12B)
[0819/022818.923:ERROR:process_memory_win.cc(73)] ReadMemory at 0x1c4dd07ac60 of 132 bytes failed: Only part of a ReadProcessMemory or WriteProcessMemory request was completed. (0x12B)
[0819/022818.923:ERROR:process_memory_win.cc(73)] ReadMemory at 0x1c4dd07ad90 of 132 bytes failed: Only part of a ReadProcessMemory or WriteProcessMemory request was completed. (0x12B)
[0819/022818.923:ERROR:process_memory_win.cc(73)] ReadMemory at 0x1c4dd07aec0 of 132 bytes failed: Only part of a ReadProcessMemory or WriteProcessMemory request was completed. (0x12B)
[0819/022818.923:ERROR:process_memory_win.cc(73)] ReadMemory at 0x1c4dd07aff0 of 132 bytes failed: Only part of a ReadProcessMemory or WriteProcessMemory request was completed. (0x12B)
[0819/022818.923:ERROR:process_memory_win.cc(73)] ReadMemory at 0x1c4dd07b120 of 132 bytes failed: Only part of a ReadProcessMemory or WriteProcessMemory request was completed. (0x12B)
[0819/022818.923:ERROR:process_memory_win.cc(73)] ReadMemory at 0x1c4dd07b250 of 132 bytes failed: Only part of a ReadProcessMemory or WriteProcessMemory request was completed. (0x12B)
[0819/022818.923:ERROR:process_memory_win.cc(73)] ReadMemory at 0x1c4dd07b380 of 132 bytes failed: Only part of a ReadProcessMemory or WriteProcessMemory request was completed. (0x12B)
[0819/022818.923:ERROR:process_memory_win.cc(73)] ReadMemory at 0x1c4dd07b4b0 of 132 bytes failed: Only part of a ReadProcessMemory or WriteProcessMemory request was completed. (0x12B)
[0819/022818.923:ERROR:process_memory_win.cc(73)] ReadMemory at 0x1c4dd07b710 of 132 bytes failed: Only part of a ReadProcessMemory or WriteProcessMemory request was completed. (0x12B)
[0819/022818.923:ERROR:process_memory_win.cc(73)] ReadMemory at 0x1c4dd091a00 of 512 bytes failed: Only part of a ReadProcessMemory or WriteProcessMemory request was completed. (0x12B)
[0819/022818.923:ERROR:process_memory_win.cc(73)] ReadMemory at 0x7ffdea67ced0 of 512 bytes failed: Only part of a ReadProcessMemory or WriteProcessMemory request was completed. (0x12B)
[0819/022818.923:ERROR:process_memory_win.cc(73)] ReadMemory at 0x7ffdea810088 of 512 bytes failed: Only part of a ReadProcessMemory or WriteProcessMemory request was completed. (0x12B)
[0819/022818.924:ERROR:process_memory_win.cc(73)] ReadMemory at 0x7ffdec024a1c of 512 bytes failed: Only part of a ReadProcessMemory or WriteProcessMemory request was completed. (0x12B)
[0819/022818.924:ERROR:process_memory_win.cc(73)] ReadMemory at 0x7ffdec2f8ef8 of 512 bytes failed: Only part of a ReadProcessMemory or WriteProcessMemory request was completed. (0x12B)
[0819/022818.924:ERROR:process_memory_win.cc(73)] ReadMemory at 0x7ffdee8c0cce of 512 bytes failed: Only part of a ReadProcessMemory or WriteProcessMemory request was completed. (0x12B)
[0819/022818.924:ERROR:process_memory_win.cc(73)] ReadMemory at 0x7ffe5b6d90a9 of 512 bytes failed: Only part of a ReadProcessMemory or WriteProcessMemory request was completed. (0x12B)
[0819/022818.924:ERROR:process_memory_win.cc(73)] ReadMemory at 0x7ffe5cd721f0 of 512 bytes failed: Only part of a ReadProcessMemory or WriteProcessMemory request was completed. (0x12B)
[0819/022818.924:ERROR:process_memory_win.cc(73)] ReadMemory at 0x7ffe5eae064e of 512 bytes failed: Only part of a ReadProcessMemory or WriteProcessMemory request was completed. (0x12B)
[0819/022818.924:ERROR:process_memory_win.cc(73)] ReadMemory at 0x7ffe5eb1ff00 of 512 bytes failed: Only part of a ReadProcessMemory or WriteProcessMemory request was completed. (0x12B)
[0819/022818.924:ERROR:process_memory_win.cc(73)] ReadMemory at 0x7ffe5eb6f764 of 512 bytes failed: Only part of a ReadProcessMemory or WriteProcessMemory request was completed. (0x12B)
[0819/022819.049:ERROR:process_memory_win.cc(73)] ReadMemory at 0x7ffe5eb6fd64 of 512 bytes failed: Only part of a ReadProcessMemory or WriteProcessMemory request was completed. (0x12B)
[0819/022819.049:ERROR:process_memory_win.cc(73)] ReadMemory at 0x7ffe5eb72ff4 of 608 bytes failed: Only part of a ReadProcessMemory or WriteProcessMemory request was completed. (0x12B)
[0819/022819.050:ERROR:process_memory_win.cc(73)] ReadMemory at 0x7ffe5ebf0920 of 512 bytes failed: Only part of a ReadProcessMemory or WriteProcessMemory request was completed. (0x12B)
[0819/022819.050:ERROR:process_memory_win.cc(73)] ReadMemory at 0x7ffe5ebfc0c8 of 18 bytes failed: Only part of a ReadProcessMemory or WriteProcessMemory request was completed. (0x12B)
[0819/022819.050:ERROR:process_memory_win.cc(73)] ReadMemory at 0x7ffe5ec2f4f8 of 40 bytes failed: Only part of a ReadProcessMemory or WriteProcessMemory request was completed. (0x12B)
[0819/022819.050:ERROR:process_memory_win.cc(73)] ReadMemory at 0x7ffe5ec2f978 of 48 bytes failed: Only part of a ReadProcessMemory or WriteProcessMemory request was completed. (0x12B)
[0819/022819.050:ERROR:process_memory_win.cc(73)] ReadMemory at 0x7ffe5ec353a0 of 64 bytes failed: Only part of a ReadProcessMemory or WriteProcessMemory request was completed. (0x12B)
[0819/022831.841:ERROR:scoped_process_suspend.cc(40)] NtResumeProcess: An attempt was made to access an exiting process. (0xc000010a)
